<?xml version="1.0" encoding="UTF-8"?>
<!-- Generated by org.testng.reporters.JUnitReportReporter -->
<testsuite hostname="vamsiraji" failures="0" tests="5" name="com.test.automationtest.EndtoendAPItesting" time="13.074" errors="0" timestamp="2022-06-11T16:14:33 EDT" skipped="0">
  <testcase classname="com.test.automationtest.EndtoendAPItesting" name="logindetails" time="2.384"/>
  <system-out/>
  <testcase classname="com.test.automationtest.EndtoendAPItesting" name="addinguser" time="0.611"/>
  <system-out/>
  <testcase classname="com.test.automationtest.EndtoendAPItesting" name="userdata" time="8.972"/>
  <system-out/>
  <testcase classname="com.test.automationtest.EndtoendAPItesting" name="updatingdata" time="0.203"/>
  <system-out/>
  <testcase classname="com.test.automationtest.EndtoendAPItesting" name="deluser" time="0.904"/>
  <system-out/>
</testsuite> <!-- com.test.automationtest.EndtoendAPItesting -->
