<?xml version="1.0" encoding="UTF-8"?>
<testsuite xmlns:xsi="http://www.w3.org/2001/XMLSchema-instance" xsi:schemaLocation="https://maven.apache.org/surefire/maven-surefire-plugin/xsd/surefire-test-report.xsd" name="TestSuite" time="15.207" tests="5" errors="0" skipped="0" failures="0">
  <properties>
    <property name="jansi.mode" value="strip"/>
    <property name="java.runtime.name" value="Java(TM) SE Runtime Environment"/>
    <property name="java.vm.version" value="18+36-2087"/>
    <property name="sun.boot.library.path" value="C:\Program Files\Java\jdk-18\bin"/>
    <property name="maven.multiModuleProjectDirectory" value="C:\Users\vamsiraji\eclipse-workspace1\com.apitestingframework"/>
    <property name="java.vm.vendor" value="Oracle Corporation"/>
    <property name="java.vendor.url" value="https://java.oracle.com/"/>
    <property name="guice.disable.misplaced.annotation.check" value="true"/>
    <property name="path.separator" value=";"/>
    <property name="java.vm.name" value="Java HotSpot(TM) 64-Bit Server VM"/>
    <property name="sun.os.patch.level" value=""/>
    <property name="user.script" value=""/>
    <property name="user.country" value="US"/>
    <property name="sun.java.launcher" value="SUN_STANDARD"/>
    <property name="java.vm.specification.name" value="Java Virtual Machine Specification"/>
    <property name="user.dir" value="C:\Users\vamsiraji\eclipse-workspace1\com.apitestingframework"/>
    <property name="java.vm.compressedOopsMode" value="Zero based"/>
    <property name="java.runtime.version" value="18+36-2087"/>
    <property name="os.arch" value="amd64"/>
    <property name="java.io.tmpdir" value="C:\Users\VAMSIR~1\AppData\Local\Temp\"/>
    <property name="line.separator" value="&#10;"/>
    <property name="java.vm.specification.vendor" value="Oracle Corporation"/>
    <property name="user.variant" value=""/>
    <property name="os.name" value="Windows 10"/>
    <property name="classworlds.conf" value="C:\Users\vamsiraji\eclipse-workspace1\.metadata\.plugins\org.eclipse.m2e.launching\launches\m2conf5919237422679350788.tmp"/>
    <property name="sun.jnu.encoding" value="Cp1252"/>
    <property name="java.library.path" value="C:\Program Files\Java\jdk-18\bin;C:\WINDOWS\Sun\Java\bin;C:\WINDOWS\system32;C:\WINDOWS;C:/Program Files/Java/jdk-18/bin/server;C:/Program Files/Java/jdk-18/bin;C:\Program Files\nodejs;C:\Program Files\MySQL\MySQL Shell 8.0\bin\;C:\Users\vamsiraji\AppData\Local\Programs\Python\Python36-32\Scripts\;C:\Users\vamsiraji\AppData\Local\Programs\Python\Python36-32\;C:\Users\vamsiraji\AppData\Local\Microsoft\WindowsApps;C:\Users\vamsiraji\.dotnet\tools;C:\Users\vamsiraji\AppData\Local\atom\bin;C:\Program Files\JetBrains\PyCharm Community Edition 2021.3.2\bin;;C:\Users\vamsiraji\AppData\Local\Microsoft\WindowsApps;C:\Users\vamsiraji\AppData\Roaming\npm;C:\Program Files\Java\jdk-18\bin;C:\Users\vamsiraji\AppData\Local\Android\Sdk\platforms;C:\Users\vamsiraji\AppData\Local\Android\Sdk\platform-tools;C:\Users\vamsiraji\AppData\Local\Android\Sdk\build-tools;C:\Users\vamsiraji\AppData\Local\Android\Sdk\tools;C:\Users\vamsiraji\AppData\Local\Android\Sdk\tools\bin;C:\Program Files\nodejs;C:\Program Files\Java\jdk1.8.0_121\bin;C:\Program Files\apache-maven-3.8.5\bin;;C:\Users\vamsiraji\Desktop;;."/>
    <property name="jdk.debug" value="release"/>
    <property name="java.class.version" value="62.0"/>
    <property name="java.specification.name" value="Java Platform API Specification"/>
    <property name="sun.management.compiler" value="HotSpot 64-Bit Tiered Compilers"/>
    <property name="os.version" value="10.0"/>
    <property name="user.home" value="C:\Users\vamsiraji"/>
    <property name="user.timezone" value="America/New_York"/>
    <property name="file.encoding" value="UTF-8"/>
    <property name="java.specification.version" value="18"/>
    <property name="user.name" value="vamsiraji"/>
    <property name="java.class.path" value="C:\Users\vamsiraji\.p2\pool\plugins\org.eclipse.m2e.maven.runtime_1.18.3.20220227-1319\jars\plexus-classworlds-2.6.0.jar"/>
    <property name="java.vm.specification.version" value="18"/>
    <property name="sun.arch.data.model" value="64"/>
    <property name="sun.java.command" value="org.codehaus.plexus.classworlds.launcher.Launcher -B test"/>
    <property name="java.home" value="C:\Program Files\Java\jdk-18"/>
    <property name="user.language" value="en"/>
    <property name="java.specification.vendor" value="Oracle Corporation"/>
    <property name="java.vm.info" value="mixed mode, sharing"/>
    <property name="java.version" value="18"/>
    <property name="native.encoding" value="Cp1252"/>
    <property name="java.vendor" value="Oracle Corporation"/>
    <property name="maven.home" value="C:\Users\vamsiraji\eclipse-workspace1\com.apitestingframework\EMBEDDED"/>
    <property name="file.separator" value="\"/>
    <property name="java.version.date" value="2022-03-22"/>
    <property name="java.vendor.url.bug" value="https://bugreport.java.com/bugreport/"/>
    <property name="sun.io.unicode.encoding" value="UnicodeLittle"/>
    <property name="sun.cpu.endian" value="little"/>
    <property name="sun.cpu.isalist" value="amd64"/>
  </properties>
  <testcase name="logindetails" classname="com.test.automationtest.EndtoendAPItesting" time="2.24"/>
  <testcase name="addinguser" classname="com.test.automationtest.EndtoendAPItesting" time="0.565"/>
  <testcase name="userdata" classname="com.test.automationtest.EndtoendAPItesting" time="8.959"/>
  <testcase name="updatingdata" classname="com.test.automationtest.EndtoendAPItesting" time="0.178"/>
  <testcase name="deluser" classname="com.test.automationtest.EndtoendAPItesting" time="2.148"/>
</testsuite>