<?xml version="1.0" encoding="UTF-8"?>
<!-- Generated by org.testng.reporters.JUnitReportReporter -->
<testsuite hostname="vamsiraji" failures="0" tests="5" name="com.test.automationtest.EndtoendAPItesting" time="14.656" errors="0" timestamp="2022-06-11T16:21:01 EDT" skipped="0">
  <testcase classname="com.test.automationtest.EndtoendAPItesting" name="logindetails" time="2.803"/>
  <system-out/>
  <testcase classname="com.test.automationtest.EndtoendAPItesting" name="addinguser" time="0.566"/>
  <system-out/>
  <testcase classname="com.test.automationtest.EndtoendAPItesting" name="userdata" time="8.958"/>
  <system-out/>
  <testcase classname="com.test.automationtest.EndtoendAPItesting" name="updatingdata" time="0.179"/>
  <system-out/>
  <testcase classname="com.test.automationtest.EndtoendAPItesting" name="deluser" time="2.150"/>
  <system-out/>
</testsuite> <!-- com.test.automationtest.EndtoendAPItesting -->
